-------------------------------------------------------------------------------
Test set: com.carlease.CarLeaseApplicationTests
-------------------------------------------------------------------------------
Tests run: 1, Failures: 0, Errors: 1, Skipped: 0, Time elapsed: 4.248 s <<< FAILURE! - in com.carlease.CarLeaseApplicationTests
contextLoads  Time elapsed: 0.016 s  <<< ERROR!
java.lang.IllegalStateException: Failed to load ApplicationContext
Caused by: org.springframework.beans.factory.UnsatisfiedDependencyException: Error creating bean with name 'requestMappingHandlerAdapter' defined in class path resource [org/springframework/boot/autoconfigure/web/servlet/WebMvcAutoConfiguration$EnableWebMvcConfiguration.class]: Unsatisfied dependency expressed through method 'requestMappingHandlerAdapter' parameter 1; nested exception is org.springframework.beans.factory.BeanCreationException: Error creating bean with name 'mvcConversionService' defined in class path resource [org/springframework/boot/autoconfigure/web/servlet/WebMvcAutoConfiguration$EnableWebMvcConfiguration.class]: Bean instantiation via factory method failed; nested exception is org.springframework.beans.BeanInstantiationException: Failed to instantiate [org.springframework.format.support.FormattingConversionService]: Factory method 'mvcConversionService' threw exception; nested exception is org.springframework.beans.factory.BeanCreationException: Error creating bean with name 'leaseRepository': Invocation of init method failed; nested exception is java.lang.IllegalArgumentException: Not a managed type: class java.rmi.dgc.Lease
Caused by: org.springframework.beans.factory.BeanCreationException: Error creating bean with name 'mvcConversionService' defined in class path resource [org/springframework/boot/autoconfigure/web/servlet/WebMvcAutoConfiguration$EnableWebMvcConfiguration.class]: Bean instantiation via factory method failed; nested exception is org.springframework.beans.BeanInstantiationException: Failed to instantiate [org.springframework.format.support.FormattingConversionService]: Factory method 'mvcConversionService' threw exception; nested exception is org.springframework.beans.factory.BeanCreationException: Error creating bean with name 'leaseRepository': Invocation of init method failed; nested exception is java.lang.IllegalArgumentException: Not a managed type: class java.rmi.dgc.Lease
Caused by: org.springframework.beans.BeanInstantiationException: Failed to instantiate [org.springframework.format.support.FormattingConversionService]: Factory method 'mvcConversionService' threw exception; nested exception is org.springframework.beans.factory.BeanCreationException: Error creating bean with name 'leaseRepository': Invocation of init method failed; nested exception is java.lang.IllegalArgumentException: Not a managed type: class java.rmi.dgc.Lease
Caused by: org.springframework.beans.factory.BeanCreationException: Error creating bean with name 'leaseRepository': Invocation of init method failed; nested exception is java.lang.IllegalArgumentException: Not a managed type: class java.rmi.dgc.Lease
Caused by: java.lang.IllegalArgumentException: Not a managed type: class java.rmi.dgc.Lease

